<?xml version='1.0' encoding='UTF-8' ?>
<testsuite name="com.massage.massenger.data.local.room.UserDaoTest" tests="1" failures="0" errors="0" skipped="0" time="0.94" timestamp="2022-01-29T06:18:04" hostname="localhost">
  <properties>
    <property name="device" value="M2003J15SC - 11" />
    <property name="flavor" value="" />
    <property name="project" value="app" />
  </properties>
  <testcase name="funTest" classname="com.massage.massenger.data.local.room.UserDaoTest" time="0.089" />
</testsuite>